<?xml version="1.0" encoding="UTF-8"?>
<!-- Generated by org.testng.reporters.JUnitReportReporter -->
<testsuite hostname="Gowtham-PC" name="com.webwhatsapptest.runner.Runner" tests="1" failures="0" timestamp="30 May 2018 19:04:38 GMT" time="59.090" errors="0">
  <testcase name="feature" time="59.090" classname="com.webwhatsapptest.runner.Runner"/>
</testsuite> <!-- com.webwhatsapptest.runner.Runner -->
